#
# There is insufficient memory for the Java Runtime Environment to continue.
# Native memory allocation (malloc) failed to allocate 338416 bytes for Chunk::new
# Possible reasons:
#   The system is out of physical RAM or swap space
#   In 32 bit mode, the process size limit was hit
# Possible solutions:
#   Reduce memory load on the system
#   Increase physical memory or swap space
#   Check if swap backing store is full
#   Use 64 bit Java on a 64 bit OS
#   Decrease Java heap size (-Xmx/-Xms)
#   Decrease number of Java threads
#   Decrease Java thread stack sizes (-Xss)
#   Set larger code cache with -XX:ReservedCodeCacheSize=
# This output file may be truncated or incomplete.
#
#  Out of Memory Error (allocation.cpp:390), pid=11012, tid=1620
#
# JRE version: Java(TM) SE Runtime Environment (8.0_77-b03) (build 1.8.0_77-b03)
# Java VM: Java HotSpot(TM) 64-Bit Server VM (25.77-b03 mixed mode windows-amd64 compressed oops)
# Failed to write core dump. Minidumps are not enabled by default on client versions of Windows
#

---------------  T H R E A D  ---------------

Current thread (0x00000000176f0800):  JavaThread "C2 CompilerThread0" daemon [_thread_in_native, id=1620, stack(0x0000000018730000,0x0000000018830000)]

Stack: [0x0000000018730000,0x0000000018830000]
[error occurred during error reporting (printing stack bounds), id 0xc0000005]

Native frames: (J=compiled Java code, j=interpreted, Vv=VM code, C=native code)


Current CompileTask:
C2:  97068 5044       4       org.springframework.context.annotation.CommonAnnotationBeanPostProcessor::lambda$buildResourceMetadata$1 (352 bytes)


---------------  P R O C E S S  ---------------

Java Threads: ( => current thread )
  0x0000000020528000 JavaThread "DestroyJavaVM" [_thread_blocked, id=10540, stack(0x0000000002b10000,0x0000000002c10000)]
  0x000000002052a000 JavaThread "http-nio-8080-Acceptor" daemon [_thread_in_native, id=9908, stack(0x00000000218c0000,0x00000000219c0000)]
  0x0000000020525800 JavaThread "http-nio-8080-ClientPoller" daemon [_thread_in_native, id=772, stack(0x00000000217c0000,0x00000000218c0000)]
  0x0000000020527000 JavaThread "http-nio-8080-exec-10" daemon [_thread_blocked, id=5384, stack(0x00000000216c0000,0x00000000217c0000)]
  0x0000000020525000 JavaThread "http-nio-8080-exec-9" daemon [_thread_blocked, id=8612, stack(0x00000000215c0000,0x00000000216c0000)]
  0x0000000020524000 JavaThread "http-nio-8080-exec-8" daemon [_thread_blocked, id=12368, stack(0x00000000214c0000,0x00000000215c0000)]
  0x0000000020529800 JavaThread "http-nio-8080-exec-7" daemon [_thread_blocked, id=5380, stack(0x00000000213c0000,0x00000000214c0000)]
  0x000000001a87d000 JavaThread "http-nio-8080-exec-6" daemon [_thread_blocked, id=6040, stack(0x00000000212c0000,0x00000000213c0000)]
  0x000000001a87d800 JavaThread "http-nio-8080-exec-5" daemon [_thread_blocked, id=4644, stack(0x00000000211c0000,0x00000000212c0000)]
  0x000000001a87a800 JavaThread "http-nio-8080-exec-4" daemon [_thread_blocked, id=10072, stack(0x00000000210c0000,0x00000000211c0000)]
  0x000000001a87c000 JavaThread "http-nio-8080-exec-3" daemon [_thread_blocked, id=1476, stack(0x0000000020fc0000,0x00000000210c0000)]
  0x000000001a87b800 JavaThread "http-nio-8080-exec-2" daemon [_thread_blocked, id=7636, stack(0x000000001fab0000,0x000000001fbb0000)]
  0x000000001936a000 JavaThread "http-nio-8080-exec-1" daemon [_thread_in_native, id=12096, stack(0x000000001f9b0000,0x000000001fab0000)]
  0x000000001b9be800 JavaThread "http-nio-8080-BlockPoller" daemon [_thread_in_native, id=10532, stack(0x000000001f8b0000,0x000000001f9b0000)]
  0x000000001bcf4800 JavaThread "HikariPool-1 housekeeper" daemon [_thread_blocked, id=6096, stack(0x000000001ecb0000,0x000000001edb0000)]
  0x000000001bade800 JavaThread "mysql-cj-abandoned-connection-cleanup" daemon [_thread_blocked, id=7724, stack(0x000000001e4b0000,0x000000001e5b0000)]
  0x000000001a8db800 JavaThread "container-0" [_thread_blocked, id=9740, stack(0x000000001e3b0000,0x000000001e4b0000)]
  0x000000001a8db000 JavaThread "Catalina-utility-2" [_thread_blocked, id=6896, stack(0x000000001b680000,0x000000001b780000)]
  0x000000001baf6000 JavaThread "Catalina-utility-1" [_thread_blocked, id=11656, stack(0x0000000019870000,0x0000000019970000)]
  0x000000001775c800 JavaThread "Service Thread" daemon [_thread_blocked, id=12748, stack(0x0000000018930000,0x0000000018a30000)]
  0x0000000017742000 JavaThread "C1 CompilerThread1" daemon [_thread_blocked, id=6460, stack(0x0000000018830000,0x0000000018930000)]
=>0x00000000176f0800 JavaThread "C2 CompilerThread0" daemon [_thread_in_native, id=1620, stack(0x0000000018730000,0x0000000018830000)]
  0x00000000176ef000 JavaThread "Attach Listener" daemon [_thread_blocked, id=11340, stack(0x0000000018630000,0x0000000018730000)]
  0x00000000176ec000 JavaThread "Signal Dispatcher" daemon [_thread_blocked, id=4940, stack(0x0000000018530000,0x0000000018630000)]
  0x00000000176d8800 JavaThread "Finalizer" daemon [_thread_blocked, id=13756, stack(0x0000000018330000,0x0000000018430000)]
  0x0000000002d01000 JavaThread "Reference Handler" daemon [_thread_blocked, id=3652, stack(0x0000000018230000,0x0000000018330000)]

Other Threads:
  0x00000000176b5800 VMThread [stack: 0x0000000018130000,0x0000000018230000] [id=7000]
  0x0000000017781000 WatcherThread [stack: 0x0000000018a30000,0x0000000018b30000] [id=5324]

VM state:not at safepoint (normal execution)

VM Mutex/Monitor currently owned by a thread: None

Heap:
 PSYoungGen      total 260608K, used 8382K [0x00000000d5580000, 0x00000000ee180000, 0x0000000100000000)
  eden space 248832K, 3% used [0x00000000d5580000,0x00000000d5dafb18,0x00000000e4880000)
  from space 11776K, 0% used [0x00000000e4880000,0x00000000e4880000,0x00000000e5400000)
  to   space 19456K, 0% used [0x00000000ece80000,0x00000000ece80000,0x00000000ee180000)
 ParOldGen       total 60928K, used 35263K [0x0000000080000000, 0x0000000083b80000, 0x00000000d5580000)
  object space 60928K, 57% used [0x0000000080000000,0x000000008226fea0,0x0000000083b80000)
 Metaspace       used 58099K, capacity 61148K, committed 61232K, reserved 1101824K
  class space    used 7981K, capacity 8499K, committed 8532K, reserved 1048576K

Card table byte_map: [0x00000000120d0000,0x00000000124e0000] byte_map_base: 0x0000000011cd0000

Marking Bits: (ParMarkBitMap*) 0x0000000055440600
 Begin Bits: [0x0000000012990000, 0x0000000014990000)
 End Bits:   [0x0000000014990000, 0x0000000016990000)

Polling page: 0x0000000002a40000

CodeCache: size=245760Kb used=14477Kb max_used=15528Kb free=231282Kb
 bounds [0x0000000002d10000, 0x0000000003c90000, 0x0000000011d10000]
 total_blobs=5151 nmethods=4605 adapters=458
 compilation: enabled

Compilation events (10 events):
Event: 96.993 Thread 0x0000000017742000 5092       2       java.net.URLStreamHandler::hostsEqual (75 bytes)
Event: 96.994 Thread 0x0000000017742000 nmethod 5092 0x0000000002febe10 code [0x0000000002febfa0, 0x0000000002fec238]
Event: 97.013 Thread 0x0000000017742000 5093       1       antlr.BaseAST::getFirstChild (5 bytes)
Event: 97.013 Thread 0x0000000017742000 nmethod 5093 0x0000000003050a10 code [0x0000000003050b60, 0x0000000003050c70]
Event: 97.058 Thread 0x0000000017742000 5094       1       com.mysql.cj.conf.AbstractRuntimeProperty::getInitialValue (5 bytes)
Event: 97.058 Thread 0x0000000017742000 nmethod 5094 0x00000000030506d0 code [0x0000000003050820, 0x0000000003050930]
Event: 97.064 Thread 0x0000000017742000 5095       2       java.net.SocketInputStream::available (8 bytes)
Event: 97.064 Thread 0x0000000017742000 nmethod 5095 0x0000000003564890 code [0x0000000003564a00, 0x0000000003564b68]
Event: 97.064 Thread 0x0000000017742000 5096       2       java.net.DualStackPlainSocketImpl::socketAvailable (10 bytes)
Event: 97.065 Thread 0x0000000017742000 nmethod 5096 0x00000000035644d0 code [0x0000000003564640, 0x00000000035647d8]

GC Heap History (10 events):
Event: 4.372 GC heap before
{Heap before GC invocations=8 (full 1):
 PSYoungGen      total 141824K, used 133120K [0x00000000d5580000, 0x00000000de880000, 0x0000000100000000)
  eden space 133120K, 100% used [0x00000000d5580000,0x00000000dd780000,0x00000000dd780000)
  from space 8704K, 0% used [0x00000000de000000,0x00000000de000000,0x00000000de880000)
  to   space 8704K, 0% used [0x00000000dd780000,0x00000000dd780000,0x00000000de000000)
 ParOldGen       total 44544K, used 4980K [0x0000000080000000, 0x0000000082b80000, 0x00000000d5580000)
  object space 44544K, 11% used [0x0000000080000000,0x00000000804dd048,0x0000000082b80000)
 Metaspace       used 29971K, capacity 31588K, committed 31868K, reserved 1077248K
  class space    used 3934K, capacity 4219K, committed 4224K, reserved 1048576K
Event: 4.391 GC heap after
Heap after GC invocations=8 (full 1):
 PSYoungGen      total 141824K, used 8702K [0x00000000d5580000, 0x00000000e6100000, 0x0000000100000000)
  eden space 133120K, 0% used [0x00000000d5580000,0x00000000d5580000,0x00000000dd780000)
  from space 8704K, 99% used [0x00000000dd780000,0x00000000ddfff9d0,0x00000000de000000)
  to   space 11264K, 0% used [0x00000000e5600000,0x00000000e5600000,0x00000000e6100000)
 ParOldGen       total 44544K, used 8962K [0x0000000080000000, 0x0000000082b80000, 0x00000000d5580000)
  object space 44544K, 20% used [0x0000000080000000,0x00000000808c0b48,0x0000000082b80000)
 Metaspace       used 29971K, capacity 31588K, committed 31868K, reserved 1077248K
  class space    used 3934K, capacity 4219K, committed 4224K, reserved 1048576K
}
Event: 5.129 GC heap before
{Heap before GC invocations=9 (full 1):
 PSYoungGen      total 141824K, used 44498K [0x00000000d5580000, 0x00000000e6100000, 0x0000000100000000)
  eden space 133120K, 26% used [0x00000000d5580000,0x00000000d78751a8,0x00000000dd780000)
  from space 8704K, 99% used [0x00000000dd780000,0x00000000ddfff9d0,0x00000000de000000)
  to   space 11264K, 0% used [0x00000000e5600000,0x00000000e5600000,0x00000000e6100000)
 ParOldGen       total 44544K, used 8962K [0x0000000080000000, 0x0000000082b80000, 0x00000000d5580000)
  object space 44544K, 20% used [0x0000000080000000,0x00000000808c0b48,0x0000000082b80000)
 Metaspace       used 34154K, capacity 35860K, committed 36048K, reserved 1081344K
  class space    used 4431K, capacity 4743K, committed 4820K, reserved 1048576K
Event: 5.144 GC heap after
Heap after GC invocations=9 (full 1):
 PSYoungGen      total 257536K, used 9357K [0x00000000d5580000, 0x00000000e5f80000, 0x0000000100000000)
  eden space 247808K, 0% used [0x00000000d5580000,0x00000000d5580000,0x00000000e4780000)
  from space 9728K, 96% used [0x00000000e5600000,0x00000000e5f235d8,0x00000000e5f80000)
  to   space 11776K, 0% used [0x00000000e4880000,0x00000000e4880000,0x00000000e5400000)
 ParOldGen       total 44544K, used 9034K [0x0000000080000000, 0x0000000082b80000, 0x00000000d5580000)
  object space 44544K, 20% used [0x0000000080000000,0x00000000808d2b58,0x0000000082b80000)
 Metaspace       used 34154K, capacity 35860K, committed 36048K, reserved 1081344K
  class space    used 4431K, capacity 4743K, committed 4820K, reserved 1048576K
}
Event: 5.144 GC heap before
{Heap before GC invocations=10 (full 2):
 PSYoungGen      total 257536K, used 9357K [0x00000000d5580000, 0x00000000e5f80000, 0x0000000100000000)
  eden space 247808K, 0% used [0x00000000d5580000,0x00000000d5580000,0x00000000e4780000)
  from space 9728K, 96% used [0x00000000e5600000,0x00000000e5f235d8,0x00000000e5f80000)
  to   space 11776K, 0% used [0x00000000e4880000,0x00000000e4880000,0x00000000e5400000)
 ParOldGen       total 44544K, used 9034K [0x0000000080000000, 0x0000000082b80000, 0x00000000d5580000)
  object space 44544K, 20% used [0x0000000080000000,0x00000000808d2b58,0x0000000082b80000)
 Metaspace       used 34154K, capacity 35860K, committed 36048K, reserved 1081344K
  class space    used 4431K, capacity 4743K, committed 4820K, reserved 1048576K
Event: 5.223 GC heap after
Heap after GC invocations=10 (full 2):
 PSYoungGen      total 257536K, used 0K [0x00000000d5580000, 0x00000000e5f80000, 0x0000000100000000)
  eden space 247808K, 0% used [0x00000000d5580000,0x00000000d5580000,0x00000000e4780000)
  from space 9728K, 0% used [0x00000000e5600000,0x00000000e5600000,0x00000000e5f80000)
  to   space 11776K, 0% used [0x00000000e4880000,0x00000000e4880000,0x00000000e5400000)
 ParOldGen       total 60928K, used 13908K [0x0000000080000000, 0x0000000083b80000, 0x00000000d5580000)
  object space 60928K, 22% used [0x0000000080000000,0x0000000080d95140,0x0000000083b80000)
 Metaspace       used 34154K, capacity 35860K, committed 36048K, reserved 1081344K
  class space    used 4431K, capacity 4743K, committed 4820K, reserved 1048576K
}
Event: 96.558 GC heap before
{Heap before GC invocations=11 (full 2):
 PSYoungGen      total 257536K, used 242178K [0x00000000d5580000, 0x00000000e5f80000, 0x0000000100000000)
  eden space 247808K, 97% used [0x00000000d5580000,0x00000000e42009f8,0x00000000e4780000)
  from space 9728K, 0% used [0x00000000e5600000,0x00000000e5600000,0x00000000e5f80000)
  to   space 11776K, 0% used [0x00000000e4880000,0x00000000e4880000,0x00000000e5400000)
 ParOldGen       total 60928K, used 13908K [0x0000000080000000, 0x0000000083b80000, 0x00000000d5580000)
  object space 60928K, 22% used [0x0000000080000000,0x0000000080d95140,0x0000000083b80000)
 Metaspace       used 57014K, capacity 59998K, committed 60080K, reserved 1101824K
  class space    used 7834K, capacity 8332K, committed 8404K, reserved 1048576K
Event: 96.626 GC heap after
Heap after GC invocations=11 (full 2):
 PSYoungGen      total 260608K, used 11767K [0x00000000d5580000, 0x00000000ee180000, 0x0000000100000000)
  eden space 248832K, 0% used [0x00000000d5580000,0x00000000d5580000,0x00000000e4880000)
  from space 11776K, 99% used [0x00000000e4880000,0x00000000e53fde50,0x00000000e5400000)
  to   space 19456K, 0% used [0x00000000ece80000,0x00000000ece80000,0x00000000ee180000)
 ParOldGen       total 60928K, used 28892K [0x0000000080000000, 0x0000000083b80000, 0x00000000d5580000)
  object space 60928K, 47% used [0x0000000080000000,0x0000000081c37000,0x0000000083b80000)
 Metaspace       used 57014K, capacity 59998K, committed 60080K, reserved 1101824K
  class space    used 7834K, capacity 8332K, committed 8404K, reserved 1048576K
}
Event: 96.626 GC heap before
{Heap before GC invocations=12 (full 3):
 PSYoungGen      total 260608K, used 11767K [0x00000000d5580000, 0x00000000ee180000, 0x0000000100000000)
  eden space 248832K, 0% used [0x00000000d5580000,0x00000000d5580000,0x00000000e4880000)
  from space 11776K, 99% used [0x00000000e4880000,0x00000000e53fde50,0x00000000e5400000)
  to   space 19456K, 0% used [0x00000000ece80000,0x00000000ece80000,0x00000000ee180000)
 ParOldGen       total 60928K, used 28892K [0x0000000080000000, 0x0000000083b80000, 0x00000000d5580000)
  object space 60928K, 47% used [0x0000000080000000,0x0000000081c37000,0x0000000083b80000)
 Metaspace       used 57014K, capacity 59998K, committed 60080K, reserved 1101824K
  class space    used 7834K, capacity 8332K, committed 8404K, reserved 1048576K
Event: 96.831 GC heap after
Heap after GC invocations=12 (full 3):
 PSYoungGen      total 260608K, used 0K [0x00000000d5580000, 0x00000000ee180000, 0x0000000100000000)
  eden space 248832K, 0% used [0x00000000d5580000,0x00000000d5580000,0x00000000e4880000)
  from space 11776K, 0% used [0x00000000e4880000,0x00000000e4880000,0x00000000e5400000)
  to   space 19456K, 0% used [0x00000000ece80000,0x00000000ece80000,0x00000000ee180000)
 ParOldGen       total 60928K, used 35263K [0x0000000080000000, 0x0000000083b80000, 0x00000000d5580000)
  object space 60928K, 57% used [0x0000000080000000,0x000000008226fea0,0x0000000083b80000)
 Metaspace       used 57014K, capacity 59998K, committed 60080K, reserved 1101824K
  class space    used 7834K, capacity 8332K, committed 8404K, reserved 1048576K
}

Deoptimization events (10 events):
Event: 9.375 Thread 0x0000000002c13800 Uncommon trap: reason=null_check action=make_not_entrant pc=0x000000000352043c method=org.springframework.util.ClassUtils.isAssignable(Ljava/lang/Class;Ljava/lang/Class;)Z @ 14
Event: 9.483 Thread 0x0000000002c13800 Uncommon trap: reason=unstable_if action=reinterpret pc=0x00000000035f1e58 method=org.springframework.util.ConcurrentReferenceHashMap$Segment.clear()V @ 7
Event: 96.312 Thread 0x000000001936a000 Uncommon trap: reason=unstable_if action=reinterpret pc=0x0000000002f2a994 method=org.springframework.beans.factory.support.AbstractBeanFactory.isTypeMatch(Ljava/lang/String;Lorg/springframework/core/ResolvableType;Z)Z @ 34
Event: 96.485 Thread 0x000000001936a000 Uncommon trap: reason=unstable_if action=reinterpret pc=0x00000000030b9b2c method=java.util.HashMap.getNode(ILjava/lang/Object;)Ljava/util/HashMap$Node; @ 129
Event: 96.546 Thread 0x000000001936a000 Uncommon trap: reason=unstable_if action=reinterpret pc=0x00000000036bd47c method=java.util.StringTokenizer.scanToken(I)I @ 96
Event: 96.832 Thread 0x0000000002d01000 Uncommon trap: reason=unstable_if action=reinterpret pc=0x00000000036cbbb0 method=java.lang.ref.Reference.tryHandlePending(Z)Z @ 20
Event: 96.864 Thread 0x000000001936a000 Uncommon trap: reason=bimorphic action=maybe_recompile pc=0x0000000002fdd370 method=java.util.Hashtable.get(Ljava/lang/Object;)Ljava/lang/Object; @ 45
Event: 96.867 Thread 0x000000001936a000 Uncommon trap: reason=bimorphic action=maybe_recompile pc=0x0000000002fdd370 method=java.util.Hashtable.get(Ljava/lang/Object;)Ljava/lang/Object; @ 45
Event: 96.871 Thread 0x000000001936a000 Uncommon trap: reason=bimorphic action=maybe_recompile pc=0x0000000002fdd370 method=java.util.Hashtable.get(Ljava/lang/Object;)Ljava/lang/Object; @ 45
Event: 96.871 Thread 0x000000001936a000 Uncommon trap: reason=unstable_if action=reinterpret pc=0x0000000002e2e900 method=java.lang.CharacterData.of(I)Ljava/lang/CharacterData; @ 4

Internal exceptions (10 events):
Event: 8.804 Thread 0x0000000002c13800 Exception <a 'java/lang/ClassNotFoundException': org/springframework/boot/autoconfigure/web/servlet/WebMvcAutoConfiguration$EnableWebMvcConfigurationCustomizer> (0x00000000e0ad1460) thrown at [D:\re\workspace\8-2-build-windows-amd64-cygwin\jdk8u77\6540\hotEåç/ú!@
Event: 8.805 Thread 0x0000000002c13800 Exception <a 'java/lang/ClassNotFoundException': org/springframework/context/ResourceLoaderAwareCustomizer> (0x00000000e0af5848) thrown at [D:\re\workspace\8-2-build-windows-amd64-cygwin\jdk8u77\6540\hotspot\src\share\vm\classfile\systemDictionary.cpp, linàX≥Ñkú!@
Event: 8.806 Thread 0x0000000002c13800 Exception <a 'java/lang/ClassNotFoundException': org/springframework/beans/factory/AwareCustomizer> (0x00000000e0b07b10) thrown at [D:\re\workspace\8-2-build-windows-amd64-cygwin\jdk8u77\6540\hotspot\src\share\vm\classfile\systemDictionary.cpp, line 210]
Event: 8.806 Thread 0x0000000002c13800 Exception <a 'java/lang/ClassNotFoundException': org/springframework/context/ApplicationContextAwareCustomizer> (0x00000000e0b1bc28) thrown at [D:\re\workspace\8-2-build-windows-amd64-cygwin\jdk8u77\6540\hotspot\src\share\vm\classfile\systemDictionary.cpp,Ò7ê‰ú!@
Event: 8.806 Thread 0x0000000002c13800 Exception <a 'java/lang/ClassNotFoundException': org/springframework/beans/factory/AwareCustomizer> (0x00000000e0b2e4f8) thrown at [D:\re\workspace\8-2-build-windows-amd64-cygwin\jdk8u77\6540\hotspot\src\share\vm\classfile\systemDictionary.cpp, line 210]
Event: 8.807 Thread 0x0000000002c13800 Exception <a 'java/lang/ClassNotFoundException': org/springframework/web/context/ServletContextAwareCustomizer> (0x00000000e0b42608) thrown at [D:\re\workspace\8-2-build-windows-amd64-cygwin\jdk8u77\6540\hotspot\src\share\vm\classfile\systemDictionary.cpp,›Ô´ÕZù!@
Event: 8.807 Thread 0x0000000002c13800 Exception <a 'java/lang/ClassNotFoundException': org/springframework/beans/factory/AwareCustomizer> (0x00000000e0b54948) thrown at [D:\re\workspace\8-2-build-windows-amd64-cygwin\jdk8u77\6540\hotspot\src\share\vm\classfile\systemDictionary.cpp, line 210]
Event: 9.268 Thread 0x0000000002c13800 Exception <a 'java/lang/IncompatibleClassChangeError': Found class java.lang.Object, but interface was expected> (0x00000000e2080220) thrown at [D:\re\workspace\8-2-build-windows-amd64-cygwin\jdk8u77\6540\hotspot\src\share\vm\interpreter\linkResolver.cpp, íÓBN@X@
Event: 97.005 Thread 0x000000001936a000 Exception <a 'java/lang/NoSuchMethodError': java.lang.Object.lambda$mapIfAllPresent$6(Ljava/util/Optional;Ljava/util/function/BiFunction;Ljava/lang/Object;)Ljava/util/Optional;> (0x00000000d5bc0360) thrown at [D:\re\workspace\8-2-build-windows-amd64-cygwinö£}bS@X@
Event: 97.005 Thread 0x000000001936a000 Exception <a 'java/lang/NoSuchMethodError': java.lang.Object.lambda$null$5(Ljava/util/function/BiFunction;Ljava/lang/Object;Ljava/lang/Object;)Ljava/lang/Object;> (0x00000000d5bc4a98) thrown at [D:\re\workspace\8-2-build-windows-amd64-cygwin\jdk8u77\6540\h!ûøøõ!@

Events (10 events):
Event: 97.059 loading class org/hibernate/event/spi/PostLoadEvent
Event: 97.059 loading class org/hibernate/event/spi/PostLoadEvent done
Event: 97.060 loading class org/hibernate/hql/internal/HolderInstantiator
Event: 97.060 loading class org/hibernate/hql/internal/HolderInstantiator done
Event: 97.061 loading class org/springframework/data/repository/core/support/QueryExecutionResultHandler$ReturnTypeDescriptor
Event: 97.061 loading class org/springframework/data/repository/core/support/QueryExecutionResultHandler$ReturnTypeDescriptor done
Event: 97.062 loading class org/springframework/data/repository/util/ReactiveWrapperConverters
Event: 97.062 loading class org/springframework/data/repository/util/ReactiveWrapperConverters done
Event: 97.063 loading class org/springframework/data/repository/util/ReactiveWrapperConverters$RegistryHolder
Event: 97.063 loading class org/springframework/data/repository/util/ReactiveWrapperConverters$RegistryHolder done


Dynamic libraries:
0x00007ff63be90000 - 0x00007ff63bec7000 	C:\Program Files\Java\jre1.8.0_77\bin\javaw.exe
0x00007ffb64210000 - 0x00007ffb64408000 	C:\Windows\SYSTEM32\ntdll.dll
0x00007ffb63ec0000 - 0x00007ffb63f7f000 	C:\Windows\System32\KERNEL32.DLL
0x00007ffb61d70000 - 0x00007ffb62066000 	C:\Windows\System32\KERNELBASE.dll
0x00007ffb63c60000 - 0x00007ffb63d0f000 	C:\Windows\System32\ADVAPI32.dll
0x00007ffb63020000 - 0x00007ffb630be000 	C:\Windows\System32\msvcrt.dll
0x00007ffb62820000 - 0x00007ffb628bc000 	C:\Windows\System32\sechost.dll
0x00007ffb62270000 - 0x00007ffb62396000 	C:\Windows\System32\RPCRT4.dll
0x00007ffb63130000 - 0x00007ffb632cd000 	C:\Windows\System32\USER32.dll
0x00007ffb61ae0000 - 0x00007ffb61b02000 	C:\Windows\System32\win32u.dll
0x00007ffb641a0000 - 0x00007ffb641cc000 	C:\Windows\System32\GDI32.dll
0x00007ffb62120000 - 0x00007ffb62235000 	C:\Windows\System32\gdi32full.dll
0x00007ffb61bd0000 - 0x00007ffb61c6d000 	C:\Windows\System32\msvcp_win.dll
0x00007ffb61c70000 - 0x00007ffb61d70000 	C:\Windows\System32\ucrtbase.dll
0x00007ffb42620000 - 0x00007ffb428ba000 	C:\Windows\WinSxS\amd64_microsoft.windows.common-controls_6595b64144ccf1df_6.0.19041.1110_none_60b5254171f9507e\COMCTL32.dll
0x00007ffb63bb0000 - 0x00007ffb63be0000 	C:\Windows\System32\IMM32.DLL
0x00000000549a0000 - 0x0000000054a72000 	C:\Program Files\Java\jre1.8.0_77\bin\msvcr100.dll
0x0000000054c30000 - 0x00000000554c0000 	C:\Program Files\Java\jre1.8.0_77\bin\server\jvm.dll
0x00007ffb623a0000 - 0x00007ffb623a8000 	C:\Windows\System32\PSAPI.DLL
0x00007ffb4dbe0000 - 0x00007ffb4dbe9000 	C:\Windows\SYSTEM32\WSOCK32.dll
0x00007ffb630c0000 - 0x00007ffb6312b000 	C:\Windows\System32\WS2_32.dll
0x00007ffb4dbf0000 - 0x00007ffb4dc17000 	C:\Windows\SYSTEM32\WINMM.dll
0x00007ffb57b60000 - 0x00007ffb57b6a000 	C:\Windows\SYSTEM32\VERSION.dll
0x0000000054b40000 - 0x0000000054b4f000 	C:\Program Files\Java\jre1.8.0_77\bin\verify.dll
0x0000000054b10000 - 0x0000000054b39000 	C:\Program Files\Java\jre1.8.0_77\bin\java.dll
0x0000000054af0000 - 0x0000000054b06000 	C:\Program Files\Java\jre1.8.0_77\bin\zip.dll
0x00007ffb632d0000 - 0x00007ffb63a14000 	C:\Windows\System32\SHELL32.dll
0x00007ffb5f9d0000 - 0x00007ffb60163000 	C:\Windows\SYSTEM32\windows.storage.dll
0x00007ffb62ac0000 - 0x00007ffb62e14000 	C:\Windows\System32\combase.dll
0x00007ffb61270000 - 0x00007ffb6129e000 	C:\Windows\SYSTEM32\Wldp.dll
0x00007ffb62990000 - 0x00007ffb62a3d000 	C:\Windows\System32\SHCORE.dll
0x00007ffb63c00000 - 0x00007ffb63c55000 	C:\Windows\System32\shlwapi.dll
0x00007ffb61830000 - 0x00007ffb6184f000 	C:\Windows\SYSTEM32\profapi.dll
0x0000000054990000 - 0x000000005499d000 	C:\Program Files\Java\jre1.8.0_77\bin\management.dll
0x0000000054ad0000 - 0x0000000054aea000 	C:\Program Files\Java\jre1.8.0_77\bin\net.dll
0x00007ffb60fd0000 - 0x00007ffb6103a000 	C:\Windows\system32\mswsock.dll
0x00007ffb4d9a0000 - 0x00007ffb4d9b7000 	C:\Windows\system32\napinsp.dll
0x00007ffb4d980000 - 0x00007ffb4d99b000 	C:\Windows\system32\pnrpnsp.dll
0x00007ffb4d960000 - 0x00007ffb4d975000 	C:\Windows\system32\wshbth.dll
0x00007ffb5c830000 - 0x00007ffb5c84d000 	C:\Windows\system32\NLAapi.dll
0x00007ffb60cc0000 - 0x00007ffb60cfc000 	C:\Windows\SYSTEM32\IPHLPAPI.DLL
0x00007ffb60d50000 - 0x00007ffb60e1b000 	C:\Windows\SYSTEM32\DNSAPI.dll
0x00007ffb63bf0000 - 0x00007ffb63bf8000 	C:\Windows\System32\NSI.dll
0x00007ffb4d940000 - 0x00007ffb4d952000 	C:\Windows\System32\winrnr.dll
0x00007ffb5a070000 - 0x00007ffb5a07a000 	C:\Windows\System32\rasadhlp.dll
0x00007ffb5ac50000 - 0x00007ffb5acd2000 	C:\Windows\System32\fwpuclnt.dll
0x00007ffb62240000 - 0x00007ffb62267000 	C:\Windows\System32\bcrypt.dll
0x0000000054ab0000 - 0x0000000054ac1000 	C:\Program Files\Java\jre1.8.0_77\bin\nio.dll
0x00007ffb611c0000 - 0x00007ffb611d8000 	C:\Windows\SYSTEM32\CRYPTSP.dll
0x00007ffb608f0000 - 0x00007ffb60924000 	C:\Windows\system32\rsaenh.dll
0x00007ffb617b0000 - 0x00007ffb617de000 	C:\Windows\SYSTEM32\USERENV.dll
0x00007ffb618f0000 - 0x00007ffb61972000 	C:\Windows\System32\bcryptprimitives.dll
0x00007ffb611e0000 - 0x00007ffb611ec000 	C:\Windows\SYSTEM32\CRYPTBASE.dll
0x00007ffb5a790000 - 0x00007ffb5a7a7000 	C:\Windows\SYSTEM32\dhcpcsvc6.DLL
0x00007ffb5a770000 - 0x00007ffb5a78d000 	C:\Windows\SYSTEM32\dhcpcsvc.DLL

VM Arguments:
jvm_args: -Dfile.encoding=UTF-8 
java_command: ecommerce.backend.BackEndApplication
java_class_path (initial): C:\Users\ajc\Desktop\projet_e-commerce\backend\target\classes;C:\Users\ajc\.m2\repository\org\springframework\boot\spring-boot-starter\2.2.4.RELEASE\spring-boot-starter-2.2.4.RELEASE.jar;C:\Users\ajc\.m2\repository\org\springframework\boot\spring-boot\2.2.4.RELEASE\spring-boot-2.2.4.RELEASE.jar;C:\Users\ajc\.m2\repository\org\springframework\spring-context\5.2.3.RELEASE\spring-context-5.2.3.RELEASE.jar;C:\Users\ajc\.m2\repository\org\springframework\boot\spring-boot-autoconfigure\2.2.4.RELEASE\spring-boot-autoconfigure-2.2.4.RELEASE.jar;C:\Users\ajc\.m2\repository\org\springframework\boot\spring-boot-starter-logging\2.2.4.RELEASE\spring-boot-starter-logging-2.2.4.RELEASE.jar;C:\Users\ajc\.m2\repository\ch\qos\logback\logback-classic\1.2.3\logback-classic-1.2.3.jar;C:\Users\ajc\.m2\repository\ch\qos\logback\logback-core\1.2.3\logback-core-1.2.3.jar;C:\Users\ajc\.m2\repository\org\apache\logging\log4j\log4j-to-slf4j\2.12.1\log4j-to-slf4j-2.12.1.jar;C:\Users\ajc\.m2\repository\org\apache\logging\log4j\log4j-api\2.12.1\log4j-api-2.12.1.jar;C:\Users\ajc\.m2\repository\org\slf4j\jul-to-slf4j\1.7.30\jul-to-slf4j-1.7.30.jar;C:\Users\ajc\.m2\repository\jakarta\annotation\jakarta.annotation-api\1.3.5\jakarta.annotation-api-1.3.5.jar;C:\Users\ajc\.m2\repository\org\springframework\spring-core\5.2.3.RELEASE\spring-core-5.2.3.RELEASE.jar;C:\Users\ajc\.m2\repository\org\springframework\spring-jcl\5.2.3.RELEASE\spring-jcl-5.2.3.RELEASE.jar;C:\Users\ajc\.m2\repository\org\yaml\snakeyaml\1.25\snakeyaml-1.25.jar;C:\Users\ajc\.m2\repository\org\slf4j\slf4j-api\1.7.30\slf4j-api-1.7.30.jar;C:\Users\ajc\.m2\repository\jakarta\xml\bind\jakarta.xml.bind-api\2.3.2\jakarta.xml.bind-api-2.3.2.jar;C:\Users\ajc\.m2\repository\net\bytebuddy\byte-buddy\1.10.6\byte-buddy-1.10.6.jar;C:\Users\ajc\.m2\repository\org\springframework\boot\spring-boot-starter-data-jpa\2.2.4.RELEASE\spring-boot-starter-data-jpa-2.2.4.RELEASE.jar;C:\Users\ajc\.m2\repository\org\springframework
Launcher Type: SUN_STANDARD

Environment Variables:
JAVA_HOME=C:\Program Files\Java\jdk1.8.0_77
PATH=C:/Program Files/Java/jre1.8.0_77/bin/server;C:/Program Files/Java/jre1.8.0_77/bin;C:/Program Files/Java/jre1.8.0_77/lib/amd64;C:\oraclexe\app\oracle\product\11.2.0\server\bin;C:\ProgramData\Oracle\Java\javapath;C:\Windows\system32;C:\Windows;C:\Windows\System32\Wbem;C:\Windows\System32\WindowsPowerShell\v1.0\;C:\Windows\System32\OpenSSH\;C:\Program Files (x86)\MySQL\MySQL Fabric 1.5 & MySQL Utilities 1.5\;C:\Program Files (x86)\MySQL\MySQL Fabric 1.5 & MySQL Utilities 1.5\Doctrine extensions for PHP\;C:\Program Files\Git\cmd;C:\Installation\apache-maven-3.3.9\bin;C:\Program Files\nodejs\;C:\Users\ajc\AppData\Local\Microsoft\WindowsApps;;C:\Users\ajc\AppData\Local\Programs\Microsoft VS Code\bin;C:\Users\ajc\AppData\Roaming\npm;C:\Installation\eclipse;
USERNAME=ajc
OS=Windows_NT
PROCESSOR_IDENTIFIER=Intel64 Family 6 Model 63 Stepping 2, GenuineIntel



---------------  S Y S T E M  ---------------

OS: Windows 10.0 , 64 bit Build 19041 (10.0.19041.2913)

CPU:total 2 (2 cores per cpu, 1 threads per core) family 6 model 63 stepping 2, cmov, cx8, fxsr, mmx, sse, sse2, sse3, ssse3, sse4.1, sse4.2, popcnt, avx, avx2, aes, clmul, erms, lzcnt, tsc, bmi1, bmi2

Memory: 4k page, physical 8387460k(1143464k free), swap 10484352k(5476k free)

vm_info: Java HotSpot(TM) 64-Bit Server VM (25.77-b03) for windows-amd64 JRE (1.8.0_77-b03), built on Mar 20 2016 22:01:33 by "java_re" with MS VC++ 10.0 (VS2010)

time: Tue May 16 15:05:47 2023
elapsed time: 97 seconds (0d 0h 1m 37s)

