2023-05-15 11:50:03,902 [Worker-17] INFO  o.e.m.c.i.l.LifecycleMappingFactory - Using org.eclipse.m2e.jdt.JarLifecycleMapping lifecycle mapping for MavenProject: ecommerce:backend:0.0.1-SNAPSHOT @ C:\Users\lolo4\OneDrive\Documents\Papier_IMPORTANT\Formation_pole_emploi_JAVA\Cours\Projet\Final\projet_e-commerce\backend\pom.xml.
2023-05-15 11:50:18,511 [Worker-17] INFO  o.e.m.j.i.AbstractJavaProjectConfigurator - Adding source folder /backend/src/main/java
2023-05-15 11:50:18,512 [Worker-17] INFO  o.e.m.j.i.AbstractJavaProjectConfigurator - Adding resource folder /backend/src/main/resources
2023-05-15 11:50:18,539 [Worker-17] INFO  o.e.m.j.i.AbstractJavaProjectConfigurator - Adding resource folder /backend/src/main/resources
2023-05-15 11:50:18,562 [Worker-17] INFO  o.e.m.j.i.AbstractJavaProjectConfigurator - Adding source folder /backend/src/test/java
2023-05-15 11:50:21,873 [Worker-17] INFO  o.e.m.c.i.p.ProjectConfigurationManager - Imported and configured 1 project(s) in 35 sec
2023-05-15 11:50:26,363 [Worker-20] INFO  o.e.m.c.i.embedder.EclipseLogger - Using 'UTF-8' encoding to copy filtered resources.
2023-05-15 11:50:26,370 [Worker-20] INFO  o.e.m.c.i.embedder.EclipseLogger - Copying 1 resource
2023-05-15 11:50:26,396 [Worker-20] INFO  o.e.m.c.i.embedder.EclipseLogger - Copying 0 resource
2023-05-15 11:50:26,399 [Worker-20] INFO  o.e.m.c.i.embedder.EclipseLogger - Using 'UTF-8' encoding to copy filtered resources.
2023-05-15 11:50:26,399 [Worker-20] INFO  o.e.m.c.i.embedder.EclipseLogger - skip non existing resourceDirectory C:\Users\lolo4\OneDrive\Documents\Papier_IMPORTANT\Formation_pole_emploi_JAVA\Cours\Projet\Final\projet_e-commerce\backend\src\test\resources
2023-05-15 12:02:03,604 [Worker-15] INFO  o.e.m.c.i.embedder.EclipseLogger - Using 'UTF-8' encoding to copy filtered resources.
2023-05-15 12:02:03,610 [Worker-15] INFO  o.e.m.c.i.embedder.EclipseLogger - Copying 1 resource
2023-05-15 12:02:03,616 [Worker-15] INFO  o.e.m.c.i.embedder.EclipseLogger - Copying 0 resource
2023-05-15 12:02:03,619 [Worker-15] INFO  o.e.m.c.i.embedder.EclipseLogger - Using 'UTF-8' encoding to copy filtered resources.
2023-05-15 12:02:03,619 [Worker-15] INFO  o.e.m.c.i.embedder.EclipseLogger - skip non existing resourceDirectory C:\Users\lolo4\OneDrive\Documents\Papier_IMPORTANT\Formation_pole_emploi_JAVA\Cours\Projet\Final\projet_e-commerce\backend\src\test\resources
2023-05-15 12:02:16,202 [Worker-25] INFO  o.e.m.c.i.embedder.EclipseLogger - Using 'UTF-8' encoding to copy filtered resources.
2023-05-15 12:02:16,204 [Worker-25] INFO  o.e.m.c.i.embedder.EclipseLogger - Copying 1 resource
2023-05-15 12:02:16,207 [Worker-25] INFO  o.e.m.c.i.embedder.EclipseLogger - Copying 0 resource
2023-05-15 12:02:16,217 [Worker-25] INFO  o.e.m.c.i.embedder.EclipseLogger - Using 'UTF-8' encoding to copy filtered resources.
2023-05-15 12:02:16,218 [Worker-25] INFO  o.e.m.c.i.embedder.EclipseLogger - skip non existing resourceDirectory C:\Users\lolo4\OneDrive\Documents\Papier_IMPORTANT\Formation_pole_emploi_JAVA\Cours\Projet\Final\projet_e-commerce\backend\src\test\resources
2023-05-15 12:04:54,538 [Worker-26] INFO  o.e.m.c.i.embedder.EclipseLogger - Using 'UTF-8' encoding to copy filtered resources.
2023-05-15 12:04:54,540 [Worker-26] INFO  o.e.m.c.i.embedder.EclipseLogger - Copying 1 resource
2023-05-15 12:04:54,543 [Worker-26] INFO  o.e.m.c.i.embedder.EclipseLogger - Copying 0 resource
2023-05-15 12:04:54,546 [Worker-26] INFO  o.e.m.c.i.embedder.EclipseLogger - Using 'UTF-8' encoding to copy filtered resources.
2023-05-15 12:04:54,546 [Worker-26] INFO  o.e.m.c.i.embedder.EclipseLogger - skip non existing resourceDirectory C:\Users\lolo4\OneDrive\Documents\Papier_IMPORTANT\Formation_pole_emploi_JAVA\Cours\Projet\Final\projet_e-commerce\backend\src\test\resources
2023-05-15 12:05:25,346 [Worker-27] INFO  o.e.m.c.i.embedder.EclipseLogger - Using 'UTF-8' encoding to copy filtered resources.
2023-05-15 12:05:25,349 [Worker-27] INFO  o.e.m.c.i.embedder.EclipseLogger - Copying 1 resource
2023-05-15 12:05:25,358 [Worker-27] INFO  o.e.m.c.i.embedder.EclipseLogger - Copying 0 resource
2023-05-15 12:05:25,361 [Worker-27] INFO  o.e.m.c.i.embedder.EclipseLogger - Using 'UTF-8' encoding to copy filtered resources.
2023-05-15 12:05:25,361 [Worker-27] INFO  o.e.m.c.i.embedder.EclipseLogger - skip non existing resourceDirectory C:\Users\lolo4\OneDrive\Documents\Papier_IMPORTANT\Formation_pole_emploi_JAVA\Cours\Projet\Final\projet_e-commerce\backend\src\test\resources
2023-05-15 12:06:32,312 [Worker-23] INFO  o.e.m.c.i.embedder.EclipseLogger - Using 'UTF-8' encoding to copy filtered resources.
2023-05-15 12:06:32,313 [Worker-23] INFO  o.e.m.c.i.embedder.EclipseLogger - Copying 1 resource
2023-05-15 12:06:32,316 [Worker-23] INFO  o.e.m.c.i.embedder.EclipseLogger - Copying 0 resource
2023-05-15 12:06:32,318 [Worker-23] INFO  o.e.m.c.i.embedder.EclipseLogger - Using 'UTF-8' encoding to copy filtered resources.
2023-05-15 12:06:32,319 [Worker-23] INFO  o.e.m.c.i.embedder.EclipseLogger - skip non existing resourceDirectory C:\Users\lolo4\OneDrive\Documents\Papier_IMPORTANT\Formation_pole_emploi_JAVA\Cours\Projet\Final\projet_e-commerce\backend\src\test\resources
2023-05-15 12:07:11,326 [Worker-22] INFO  o.e.m.c.i.embedder.EclipseLogger - Using 'UTF-8' encoding to copy filtered resources.
2023-05-15 12:07:11,328 [Worker-22] INFO  o.e.m.c.i.embedder.EclipseLogger - Copying 1 resource
2023-05-15 12:07:11,332 [Worker-22] INFO  o.e.m.c.i.embedder.EclipseLogger - Copying 0 resource
2023-05-15 12:07:11,335 [Worker-22] INFO  o.e.m.c.i.embedder.EclipseLogger - Using 'UTF-8' encoding to copy filtered resources.
2023-05-15 12:07:11,335 [Worker-22] INFO  o.e.m.c.i.embedder.EclipseLogger - skip non existing resourceDirectory C:\Users\lolo4\OneDrive\Documents\Papier_IMPORTANT\Formation_pole_emploi_JAVA\Cours\Projet\Final\projet_e-commerce\backend\src\test\resources
2023-05-15 12:07:31,173 [Worker-24] INFO  o.e.m.c.i.embedder.EclipseLogger - Using 'UTF-8' encoding to copy filtered resources.
2023-05-15 12:07:31,174 [Worker-24] INFO  o.e.m.c.i.embedder.EclipseLogger - Copying 1 resource
2023-05-15 12:07:31,178 [Worker-24] INFO  o.e.m.c.i.embedder.EclipseLogger - Copying 0 resource
2023-05-15 12:07:31,193 [Worker-24] INFO  o.e.m.c.i.embedder.EclipseLogger - Using 'UTF-8' encoding to copy filtered resources.
2023-05-15 12:07:31,193 [Worker-24] INFO  o.e.m.c.i.embedder.EclipseLogger - skip non existing resourceDirectory C:\Users\lolo4\OneDrive\Documents\Papier_IMPORTANT\Formation_pole_emploi_JAVA\Cours\Projet\Final\projet_e-commerce\backend\src\test\resources
2023-05-15 12:07:35,653 [Worker-24] INFO  o.e.m.c.i.embedder.EclipseLogger - Using 'UTF-8' encoding to copy filtered resources.
2023-05-15 12:07:35,654 [Worker-24] INFO  o.e.m.c.i.embedder.EclipseLogger - Copying 1 resource
2023-05-15 12:07:35,657 [Worker-24] INFO  o.e.m.c.i.embedder.EclipseLogger - Copying 0 resource
2023-05-15 12:07:35,660 [Worker-24] INFO  o.e.m.c.i.embedder.EclipseLogger - Using 'UTF-8' encoding to copy filtered resources.
2023-05-15 12:07:35,660 [Worker-24] INFO  o.e.m.c.i.embedder.EclipseLogger - skip non existing resourceDirectory C:\Users\lolo4\OneDrive\Documents\Papier_IMPORTANT\Formation_pole_emploi_JAVA\Cours\Projet\Final\projet_e-commerce\backend\src\test\resources
2023-05-15 12:08:43,971 [Worker-27] INFO  o.e.m.c.i.embedder.EclipseLogger - Using 'UTF-8' encoding to copy filtered resources.
2023-05-15 12:08:43,973 [Worker-27] INFO  o.e.m.c.i.embedder.EclipseLogger - Copying 1 resource
2023-05-15 12:08:43,975 [Worker-27] INFO  o.e.m.c.i.embedder.EclipseLogger - Copying 0 resource
2023-05-15 12:08:43,977 [Worker-27] INFO  o.e.m.c.i.embedder.EclipseLogger - Using 'UTF-8' encoding to copy filtered resources.
2023-05-15 12:08:43,977 [Worker-27] INFO  o.e.m.c.i.embedder.EclipseLogger - skip non existing resourceDirectory C:\Users\lolo4\OneDrive\Documents\Papier_IMPORTANT\Formation_pole_emploi_JAVA\Cours\Projet\Final\projet_e-commerce\backend\src\test\resources
2023-05-15 12:09:19,933 [Worker-27] WARN  o.e.r.models.ModelRepository - Failed to download org.eclipse.recommenders:index::zip:0.0.0
org.eclipse.aether.resolution.ArtifactResolutionException: Could not find artifact org.eclipse.recommenders:index:zip:0.0.0-SNAPSHOT in models (http://download.eclipse.org/recommenders/models/mars/)
	at org.eclipse.aether.internal.impl.DefaultArtifactResolver.resolve(DefaultArtifactResolver.java:444) ~[na:na]
	at org.eclipse.aether.internal.impl.DefaultArtifactResolver.resolveArtifacts(DefaultArtifactResolver.java:246) ~[na:na]
	at org.eclipse.aether.internal.impl.DefaultArtifactResolver.resolveArtifact(DefaultArtifactResolver.java:223) ~[na:na]
	at org.eclipse.aether.internal.impl.DefaultRepositorySystem.resolveArtifact(DefaultRepositorySystem.java:294) ~[na:na]
	at org.eclipse.recommenders.models.ModelRepository.resolveInternal(ModelRepository.java:192) [org.eclipse.recommenders.models_2.2.4.v20150914-0857.jar:na]
	at org.eclipse.recommenders.models.ModelRepository.resolve(ModelRepository.java:174) [org.eclipse.recommenders.models_2.2.4.v20150914-0857.jar:na]
	at org.eclipse.recommenders.internal.models.rcp.EclipseModelRepository.resolve(EclipseModelRepository.java:167) [org.eclipse.recommenders.models.rcp_2.2.4.v20150914-0857.jar:na]
	at org.eclipse.recommenders.internal.models.rcp.DownloadModelArchiveJob.run(DownloadModelArchiveJob.java:76) [org.eclipse.recommenders.models.rcp_2.2.4.v20150914-0857.jar:na]
	at org.eclipse.core.internal.jobs.Worker.run(Worker.java:55) [org.eclipse.core.jobs_3.7.0.v20150330-2103.jar:na]
Caused by: org.eclipse.aether.transfer.ArtifactNotFoundException: Could not find artifact org.eclipse.recommenders:index:zip:0.0.0-SNAPSHOT in models (http://download.eclipse.org/recommenders/models/mars/)
	at org.eclipse.aether.connector.basic.ArtifactTransportListener.transferFailed(ArtifactTransportListener.java:39) ~[org.eclipse.aether.connector.basic_1.0.1.v20141111.jar:na]
	at org.eclipse.aether.connector.basic.BasicRepositoryConnector$TaskRunner.run(BasicRepositoryConnector.java:355) ~[org.eclipse.aether.connector.basic_1.0.1.v20141111.jar:na]
	at org.eclipse.aether.util.concurrency.RunnableErrorForwarder$1.run(RunnableErrorForwarder.java:67) ~[na:na]
	at org.eclipse.aether.connector.basic.BasicRepositoryConnector$DirectExecutor.execute(BasicRepositoryConnector.java:581) ~[org.eclipse.aether.connector.basic_1.0.1.v20141111.jar:na]
	at org.eclipse.aether.connector.basic.BasicRepositoryConnector.get(BasicRepositoryConnector.java:249) ~[org.eclipse.aether.connector.basic_1.0.1.v20141111.jar:na]
	at org.eclipse.aether.internal.impl.DefaultArtifactResolver.performDownloads(DefaultArtifactResolver.java:520) ~[na:na]
	at org.eclipse.aether.internal.impl.DefaultArtifactResolver.resolve(DefaultArtifactResolver.java:421) ~[na:na]
	... 8 common frames omitted
2023-05-15 12:09:27,616 [Worker-25] INFO  o.e.m.c.i.embedder.EclipseLogger - Using 'UTF-8' encoding to copy filtered resources.
2023-05-15 12:09:27,617 [Worker-25] INFO  o.e.m.c.i.embedder.EclipseLogger - Copying 1 resource
2023-05-15 12:09:27,619 [Worker-25] INFO  o.e.m.c.i.embedder.EclipseLogger - Copying 0 resource
2023-05-15 12:09:27,621 [Worker-25] INFO  o.e.m.c.i.embedder.EclipseLogger - Using 'UTF-8' encoding to copy filtered resources.
2023-05-15 12:09:27,622 [Worker-25] INFO  o.e.m.c.i.embedder.EclipseLogger - skip non existing resourceDirectory C:\Users\lolo4\OneDrive\Documents\Papier_IMPORTANT\Formation_pole_emploi_JAVA\Cours\Projet\Final\projet_e-commerce\backend\src\test\resources
2023-05-15 12:09:59,569 [Worker-26] INFO  o.e.m.c.i.embedder.EclipseLogger - Using 'UTF-8' encoding to copy filtered resources.
2023-05-15 12:09:59,570 [Worker-26] INFO  o.e.m.c.i.embedder.EclipseLogger - Copying 1 resource
2023-05-15 12:09:59,573 [Worker-26] INFO  o.e.m.c.i.embedder.EclipseLogger - Copying 0 resource
2023-05-15 12:09:59,576 [Worker-26] INFO  o.e.m.c.i.embedder.EclipseLogger - Using 'UTF-8' encoding to copy filtered resources.
2023-05-15 12:09:59,576 [Worker-26] INFO  o.e.m.c.i.embedder.EclipseLogger - skip non existing resourceDirectory C:\Users\lolo4\OneDrive\Documents\Papier_IMPORTANT\Formation_pole_emploi_JAVA\Cours\Projet\Final\projet_e-commerce\backend\src\test\resources
2023-05-15 12:10:37,846 [Worker-26] INFO  o.e.m.c.i.embedder.EclipseLogger - Using 'UTF-8' encoding to copy filtered resources.
2023-05-15 12:10:37,846 [Worker-26] INFO  o.e.m.c.i.embedder.EclipseLogger - Copying 1 resource
2023-05-15 12:10:37,849 [Worker-26] INFO  o.e.m.c.i.embedder.EclipseLogger - Copying 0 resource
2023-05-15 12:10:37,852 [Worker-26] INFO  o.e.m.c.i.embedder.EclipseLogger - Using 'UTF-8' encoding to copy filtered resources.
2023-05-15 12:10:37,852 [Worker-26] INFO  o.e.m.c.i.embedder.EclipseLogger - skip non existing resourceDirectory C:\Users\lolo4\OneDrive\Documents\Papier_IMPORTANT\Formation_pole_emploi_JAVA\Cours\Projet\Final\projet_e-commerce\backend\src\test\resources
2023-05-15 12:12:43,594 [Worker-24] INFO  o.e.m.c.i.embedder.EclipseLogger - Using 'UTF-8' encoding to copy filtered resources.
2023-05-15 12:12:43,596 [Worker-24] INFO  o.e.m.c.i.embedder.EclipseLogger - Copying 1 resource
2023-05-15 12:12:43,606 [Worker-24] INFO  o.e.m.c.i.embedder.EclipseLogger - Copying 0 resource
2023-05-15 12:12:43,634 [Worker-24] INFO  o.e.m.c.i.embedder.EclipseLogger - Using 'UTF-8' encoding to copy filtered resources.
2023-05-15 12:12:43,635 [Worker-24] INFO  o.e.m.c.i.embedder.EclipseLogger - skip non existing resourceDirectory C:\Users\lolo4\OneDrive\Documents\Papier_IMPORTANT\Formation_pole_emploi_JAVA\Cours\Projet\Final\projet_e-commerce\backend\src\test\resources
2023-05-15 12:13:06,654 [Worker-22] INFO  o.e.m.c.i.embedder.EclipseLogger - Using 'UTF-8' encoding to copy filtered resources.
2023-05-15 12:13:06,655 [Worker-22] INFO  o.e.m.c.i.embedder.EclipseLogger - Copying 1 resource
2023-05-15 12:13:06,657 [Worker-22] INFO  o.e.m.c.i.embedder.EclipseLogger - Copying 0 resource
2023-05-15 12:13:06,660 [Worker-22] INFO  o.e.m.c.i.embedder.EclipseLogger - Using 'UTF-8' encoding to copy filtered resources.
2023-05-15 12:13:06,660 [Worker-22] INFO  o.e.m.c.i.embedder.EclipseLogger - skip non existing resourceDirectory C:\Users\lolo4\OneDrive\Documents\Papier_IMPORTANT\Formation_pole_emploi_JAVA\Cours\Projet\Final\projet_e-commerce\backend\src\test\resources
2023-05-15 12:14:39,330 [Worker-23] INFO  o.e.m.c.i.embedder.EclipseLogger - Using 'UTF-8' encoding to copy filtered resources.
2023-05-15 12:14:39,333 [Worker-23] INFO  o.e.m.c.i.embedder.EclipseLogger - Copying 1 resource
2023-05-15 12:14:39,338 [Worker-23] INFO  o.e.m.c.i.embedder.EclipseLogger - Copying 0 resource
2023-05-15 12:14:39,346 [Worker-23] INFO  o.e.m.c.i.embedder.EclipseLogger - Using 'UTF-8' encoding to copy filtered resources.
2023-05-15 12:14:39,347 [Worker-23] INFO  o.e.m.c.i.embedder.EclipseLogger - skip non existing resourceDirectory C:\Users\lolo4\OneDrive\Documents\Papier_IMPORTANT\Formation_pole_emploi_JAVA\Cours\Projet\Final\projet_e-commerce\backend\src\test\resources
2023-05-15 12:14:49,914 [Worker-24] INFO  o.e.m.c.i.embedder.EclipseLogger - Using 'UTF-8' encoding to copy filtered resources.
2023-05-15 12:14:49,915 [Worker-24] INFO  o.e.m.c.i.embedder.EclipseLogger - Copying 1 resource
2023-05-15 12:14:49,919 [Worker-24] INFO  o.e.m.c.i.embedder.EclipseLogger - Copying 0 resource
2023-05-15 12:14:49,921 [Worker-24] INFO  o.e.m.c.i.embedder.EclipseLogger - Using 'UTF-8' encoding to copy filtered resources.
2023-05-15 12:14:49,922 [Worker-24] INFO  o.e.m.c.i.embedder.EclipseLogger - skip non existing resourceDirectory C:\Users\lolo4\OneDrive\Documents\Papier_IMPORTANT\Formation_pole_emploi_JAVA\Cours\Projet\Final\projet_e-commerce\backend\src\test\resources
2023-05-15 12:16:57,017 [Worker-25] INFO  o.e.m.c.i.embedder.EclipseLogger - Using 'UTF-8' encoding to copy filtered resources.
2023-05-15 12:16:57,019 [Worker-25] INFO  o.e.m.c.i.embedder.EclipseLogger - Copying 1 resource
2023-05-15 12:16:57,021 [Worker-25] INFO  o.e.m.c.i.embedder.EclipseLogger - Copying 0 resource
2023-05-15 12:16:57,023 [Worker-25] INFO  o.e.m.c.i.embedder.EclipseLogger - Using 'UTF-8' encoding to copy filtered resources.
2023-05-15 12:16:57,024 [Worker-25] INFO  o.e.m.c.i.embedder.EclipseLogger - skip non existing resourceDirectory C:\Users\lolo4\OneDrive\Documents\Papier_IMPORTANT\Formation_pole_emploi_JAVA\Cours\Projet\Final\projet_e-commerce\backend\src\test\resources
2023-05-15 12:16:59,256 [Worker-26] INFO  o.e.m.c.i.embedder.EclipseLogger - Using 'UTF-8' encoding to copy filtered resources.
2023-05-15 12:16:59,257 [Worker-26] INFO  o.e.m.c.i.embedder.EclipseLogger - Copying 1 resource
2023-05-15 12:16:59,260 [Worker-26] INFO  o.e.m.c.i.embedder.EclipseLogger - Copying 0 resource
2023-05-15 12:16:59,263 [Worker-26] INFO  o.e.m.c.i.embedder.EclipseLogger - Using 'UTF-8' encoding to copy filtered resources.
2023-05-15 12:16:59,263 [Worker-26] INFO  o.e.m.c.i.embedder.EclipseLogger - skip non existing resourceDirectory C:\Users\lolo4\OneDrive\Documents\Papier_IMPORTANT\Formation_pole_emploi_JAVA\Cours\Projet\Final\projet_e-commerce\backend\src\test\resources
2023-05-15 12:17:44,691 [Worker-27] INFO  o.e.m.c.i.embedder.EclipseLogger - Using 'UTF-8' encoding to copy filtered resources.
2023-05-15 12:17:44,692 [Worker-27] INFO  o.e.m.c.i.embedder.EclipseLogger - Copying 1 resource
2023-05-15 12:17:44,694 [Worker-27] INFO  o.e.m.c.i.embedder.EclipseLogger - Copying 0 resource
2023-05-15 12:17:44,698 [Worker-27] INFO  o.e.m.c.i.embedder.EclipseLogger - Using 'UTF-8' encoding to copy filtered resources.
2023-05-15 12:17:44,698 [Worker-27] INFO  o.e.m.c.i.embedder.EclipseLogger - skip non existing resourceDirectory C:\Users\lolo4\OneDrive\Documents\Papier_IMPORTANT\Formation_pole_emploi_JAVA\Cours\Projet\Final\projet_e-commerce\backend\src\test\resources
2023-05-15 12:18:03,248 [Worker-28] INFO  o.e.m.c.i.embedder.EclipseLogger - Using 'UTF-8' encoding to copy filtered resources.
2023-05-15 12:18:03,249 [Worker-28] INFO  o.e.m.c.i.embedder.EclipseLogger - Copying 1 resource
2023-05-15 12:18:03,253 [Worker-28] INFO  o.e.m.c.i.embedder.EclipseLogger - Copying 0 resource
2023-05-15 12:18:03,255 [Worker-28] INFO  o.e.m.c.i.embedder.EclipseLogger - Using 'UTF-8' encoding to copy filtered resources.
2023-05-15 12:18:03,255 [Worker-28] INFO  o.e.m.c.i.embedder.EclipseLogger - skip non existing resourceDirectory C:\Users\lolo4\OneDrive\Documents\Papier_IMPORTANT\Formation_pole_emploi_JAVA\Cours\Projet\Final\projet_e-commerce\backend\src\test\resources
2023-05-15 12:18:20,467 [Worker-29] INFO  o.e.m.c.i.embedder.EclipseLogger - Using 'UTF-8' encoding to copy filtered resources.
2023-05-15 12:18:20,468 [Worker-29] INFO  o.e.m.c.i.embedder.EclipseLogger - Copying 1 resource
2023-05-15 12:18:20,471 [Worker-29] INFO  o.e.m.c.i.embedder.EclipseLogger - Copying 0 resource
2023-05-15 12:18:20,473 [Worker-29] INFO  o.e.m.c.i.embedder.EclipseLogger - Using 'UTF-8' encoding to copy filtered resources.
2023-05-15 12:18:20,474 [Worker-29] INFO  o.e.m.c.i.embedder.EclipseLogger - skip non existing resourceDirectory C:\Users\lolo4\OneDrive\Documents\Papier_IMPORTANT\Formation_pole_emploi_JAVA\Cours\Projet\Final\projet_e-commerce\backend\src\test\resources
2023-05-15 12:18:49,813 [Worker-26] INFO  o.e.m.c.i.embedder.EclipseLogger - Using 'UTF-8' encoding to copy filtered resources.
2023-05-15 12:18:49,814 [Worker-26] INFO  o.e.m.c.i.embedder.EclipseLogger - Copying 1 resource
2023-05-15 12:18:49,817 [Worker-26] INFO  o.e.m.c.i.embedder.EclipseLogger - Copying 0 resource
2023-05-15 12:18:49,826 [Worker-26] INFO  o.e.m.c.i.embedder.EclipseLogger - Using 'UTF-8' encoding to copy filtered resources.
2023-05-15 12:18:49,827 [Worker-26] INFO  o.e.m.c.i.embedder.EclipseLogger - skip non existing resourceDirectory C:\Users\lolo4\OneDrive\Documents\Papier_IMPORTANT\Formation_pole_emploi_JAVA\Cours\Projet\Final\projet_e-commerce\backend\src\test\resources
2023-05-15 12:33:44,219 [Worker-22] INFO  o.e.m.c.i.embedder.EclipseLogger - Using 'UTF-8' encoding to copy filtered resources.
2023-05-15 12:33:44,221 [Worker-22] INFO  o.e.m.c.i.embedder.EclipseLogger - Copying 1 resource
2023-05-15 12:33:44,275 [Worker-22] INFO  o.e.m.c.i.embedder.EclipseLogger - Copying 0 resource
2023-05-15 12:33:44,278 [Worker-22] INFO  o.e.m.c.i.embedder.EclipseLogger - Using 'UTF-8' encoding to copy filtered resources.
2023-05-15 12:33:44,279 [Worker-22] INFO  o.e.m.c.i.embedder.EclipseLogger - skip non existing resourceDirectory C:\Users\lolo4\OneDrive\Documents\Papier_IMPORTANT\Formation_pole_emploi_JAVA\Cours\Projet\Final\projet_e-commerce\backend\src\test\resources
2023-05-15 12:34:20,726 [Worker-22] INFO  o.e.m.c.i.embedder.EclipseLogger - Using 'UTF-8' encoding to copy filtered resources.
2023-05-15 12:34:20,727 [Worker-22] INFO  o.e.m.c.i.embedder.EclipseLogger - Copying 1 resource
2023-05-15 12:34:20,730 [Worker-22] INFO  o.e.m.c.i.embedder.EclipseLogger - Copying 0 resource
2023-05-15 12:34:20,733 [Worker-22] INFO  o.e.m.c.i.embedder.EclipseLogger - Using 'UTF-8' encoding to copy filtered resources.
2023-05-15 12:34:20,733 [Worker-22] INFO  o.e.m.c.i.embedder.EclipseLogger - skip non existing resourceDirectory C:\Users\lolo4\OneDrive\Documents\Papier_IMPORTANT\Formation_pole_emploi_JAVA\Cours\Projet\Final\projet_e-commerce\backend\src\test\resources
2023-05-15 12:34:51,445 [Worker-30] INFO  o.e.m.c.i.embedder.EclipseLogger - Using 'UTF-8' encoding to copy filtered resources.
2023-05-15 12:34:51,446 [Worker-30] INFO  o.e.m.c.i.embedder.EclipseLogger - Copying 1 resource
2023-05-15 12:34:51,448 [Worker-30] INFO  o.e.m.c.i.embedder.EclipseLogger - Copying 0 resource
2023-05-15 12:34:51,450 [Worker-30] INFO  o.e.m.c.i.embedder.EclipseLogger - Using 'UTF-8' encoding to copy filtered resources.
2023-05-15 12:34:51,451 [Worker-30] INFO  o.e.m.c.i.embedder.EclipseLogger - skip non existing resourceDirectory C:\Users\lolo4\OneDrive\Documents\Papier_IMPORTANT\Formation_pole_emploi_JAVA\Cours\Projet\Final\projet_e-commerce\backend\src\test\resources
2023-05-15 12:35:21,587 [Worker-31] INFO  o.e.m.c.i.embedder.EclipseLogger - Using 'UTF-8' encoding to copy filtered resources.
2023-05-15 12:35:21,588 [Worker-31] INFO  o.e.m.c.i.embedder.EclipseLogger - Copying 1 resource
2023-05-15 12:35:21,590 [Worker-31] INFO  o.e.m.c.i.embedder.EclipseLogger - Copying 0 resource
2023-05-15 12:35:21,593 [Worker-31] INFO  o.e.m.c.i.embedder.EclipseLogger - Using 'UTF-8' encoding to copy filtered resources.
2023-05-15 12:35:21,593 [Worker-31] INFO  o.e.m.c.i.embedder.EclipseLogger - skip non existing resourceDirectory C:\Users\lolo4\OneDrive\Documents\Papier_IMPORTANT\Formation_pole_emploi_JAVA\Cours\Projet\Final\projet_e-commerce\backend\src\test\resources
2023-05-15 12:35:53,307 [Worker-27] INFO  o.e.m.c.i.embedder.EclipseLogger - Using 'UTF-8' encoding to copy filtered resources.
2023-05-15 12:35:53,308 [Worker-27] INFO  o.e.m.c.i.embedder.EclipseLogger - Copying 1 resource
2023-05-15 12:35:53,310 [Worker-27] INFO  o.e.m.c.i.embedder.EclipseLogger - Copying 0 resource
2023-05-15 12:35:53,314 [Worker-27] INFO  o.e.m.c.i.embedder.EclipseLogger - Using 'UTF-8' encoding to copy filtered resources.
2023-05-15 12:35:53,314 [Worker-27] INFO  o.e.m.c.i.embedder.EclipseLogger - skip non existing resourceDirectory C:\Users\lolo4\OneDrive\Documents\Papier_IMPORTANT\Formation_pole_emploi_JAVA\Cours\Projet\Final\projet_e-commerce\backend\src\test\resources
2023-05-15 13:41:46,847 [Worker-35] INFO  o.e.m.c.i.embedder.EclipseLogger - Using 'UTF-8' encoding to copy filtered resources.
2023-05-15 13:41:46,851 [Worker-35] INFO  o.e.m.c.i.embedder.EclipseLogger - Copying 1 resource
2023-05-15 13:41:46,854 [Worker-35] INFO  o.e.m.c.i.embedder.EclipseLogger - Copying 0 resource
2023-05-15 13:41:46,858 [Worker-35] INFO  o.e.m.c.i.embedder.EclipseLogger - Using 'UTF-8' encoding to copy filtered resources.
2023-05-15 13:41:46,858 [Worker-35] INFO  o.e.m.c.i.embedder.EclipseLogger - skip non existing resourceDirectory C:\Users\lolo4\OneDrive\Documents\Papier_IMPORTANT\Formation_pole_emploi_JAVA\Cours\Projet\Final\projet_e-commerce\backend\src\test\resources
2023-05-15 13:41:48,614 [Worker-34] INFO  o.e.m.c.i.embedder.EclipseLogger - Using 'UTF-8' encoding to copy filtered resources.
2023-05-15 13:41:48,614 [Worker-34] INFO  o.e.m.c.i.embedder.EclipseLogger - Copying 1 resource
2023-05-15 13:41:48,617 [Worker-34] INFO  o.e.m.c.i.embedder.EclipseLogger - Copying 0 resource
2023-05-15 13:41:48,620 [Worker-34] INFO  o.e.m.c.i.embedder.EclipseLogger - Using 'UTF-8' encoding to copy filtered resources.
2023-05-15 13:41:48,620 [Worker-34] INFO  o.e.m.c.i.embedder.EclipseLogger - skip non existing resourceDirectory C:\Users\lolo4\OneDrive\Documents\Papier_IMPORTANT\Formation_pole_emploi_JAVA\Cours\Projet\Final\projet_e-commerce\backend\src\test\resources
2023-05-15 13:43:00,958 [Worker-39] INFO  o.e.m.c.i.embedder.EclipseLogger - Using 'UTF-8' encoding to copy filtered resources.
2023-05-15 13:43:00,958 [Worker-39] INFO  o.e.m.c.i.embedder.EclipseLogger - Copying 1 resource
2023-05-15 13:43:00,960 [Worker-39] INFO  o.e.m.c.i.embedder.EclipseLogger - Copying 0 resource
2023-05-15 13:43:00,967 [Worker-39] INFO  o.e.m.c.i.embedder.EclipseLogger - Using 'UTF-8' encoding to copy filtered resources.
2023-05-15 13:43:00,967 [Worker-39] INFO  o.e.m.c.i.embedder.EclipseLogger - skip non existing resourceDirectory C:\Users\lolo4\OneDrive\Documents\Papier_IMPORTANT\Formation_pole_emploi_JAVA\Cours\Projet\Final\projet_e-commerce\backend\src\test\resources
2023-05-15 13:43:56,517 [Worker-37] INFO  o.e.m.c.i.embedder.EclipseLogger - Using 'UTF-8' encoding to copy filtered resources.
2023-05-15 13:43:56,519 [Worker-37] INFO  o.e.m.c.i.embedder.EclipseLogger - Copying 1 resource
2023-05-15 13:43:56,521 [Worker-37] INFO  o.e.m.c.i.embedder.EclipseLogger - Copying 0 resource
2023-05-15 13:43:56,525 [Worker-37] INFO  o.e.m.c.i.embedder.EclipseLogger - Using 'UTF-8' encoding to copy filtered resources.
2023-05-15 13:43:56,525 [Worker-37] INFO  o.e.m.c.i.embedder.EclipseLogger - skip non existing resourceDirectory C:\Users\lolo4\OneDrive\Documents\Papier_IMPORTANT\Formation_pole_emploi_JAVA\Cours\Projet\Final\projet_e-commerce\backend\src\test\resources
2023-05-15 13:44:02,869 [Worker-35] INFO  o.e.m.c.i.embedder.EclipseLogger - Using 'UTF-8' encoding to copy filtered resources.
2023-05-15 13:44:02,870 [Worker-35] INFO  o.e.m.c.i.embedder.EclipseLogger - Copying 1 resource
2023-05-15 13:44:02,874 [Worker-35] INFO  o.e.m.c.i.embedder.EclipseLogger - Copying 0 resource
2023-05-15 13:44:02,880 [Worker-35] INFO  o.e.m.c.i.embedder.EclipseLogger - Using 'UTF-8' encoding to copy filtered resources.
2023-05-15 13:44:02,881 [Worker-35] INFO  o.e.m.c.i.embedder.EclipseLogger - skip non existing resourceDirectory C:\Users\lolo4\OneDrive\Documents\Papier_IMPORTANT\Formation_pole_emploi_JAVA\Cours\Projet\Final\projet_e-commerce\backend\src\test\resources
2023-05-15 13:44:18,063 [Worker-22] INFO  o.e.m.c.i.embedder.EclipseLogger - Using 'UTF-8' encoding to copy filtered resources.
2023-05-15 13:44:18,064 [Worker-22] INFO  o.e.m.c.i.embedder.EclipseLogger - Copying 1 resource
2023-05-15 13:44:18,065 [Worker-22] INFO  o.e.m.c.i.embedder.EclipseLogger - Copying 0 resource
2023-05-15 13:44:18,067 [Worker-22] INFO  o.e.m.c.i.embedder.EclipseLogger - Using 'UTF-8' encoding to copy filtered resources.
2023-05-15 13:44:18,067 [Worker-22] INFO  o.e.m.c.i.embedder.EclipseLogger - skip non existing resourceDirectory C:\Users\lolo4\OneDrive\Documents\Papier_IMPORTANT\Formation_pole_emploi_JAVA\Cours\Projet\Final\projet_e-commerce\backend\src\test\resources
2023-05-15 13:45:30,803 [Worker-37] INFO  o.e.m.c.i.embedder.EclipseLogger - Using 'UTF-8' encoding to copy filtered resources.
2023-05-15 13:45:30,804 [Worker-37] INFO  o.e.m.c.i.embedder.EclipseLogger - Copying 1 resource
2023-05-15 13:45:30,806 [Worker-37] INFO  o.e.m.c.i.embedder.EclipseLogger - Copying 0 resource
2023-05-15 13:45:30,808 [Worker-37] INFO  o.e.m.c.i.embedder.EclipseLogger - Using 'UTF-8' encoding to copy filtered resources.
2023-05-15 13:45:30,809 [Worker-37] INFO  o.e.m.c.i.embedder.EclipseLogger - skip non existing resourceDirectory C:\Users\lolo4\OneDrive\Documents\Papier_IMPORTANT\Formation_pole_emploi_JAVA\Cours\Projet\Final\projet_e-commerce\backend\src\test\resources
2023-05-15 13:45:45,166 [Worker-27] INFO  o.e.m.c.i.embedder.EclipseLogger - Using 'UTF-8' encoding to copy filtered resources.
2023-05-15 13:45:45,168 [Worker-27] INFO  o.e.m.c.i.embedder.EclipseLogger - Copying 1 resource
2023-05-15 13:45:45,170 [Worker-27] INFO  o.e.m.c.i.embedder.EclipseLogger - Copying 0 resource
2023-05-15 13:45:45,172 [Worker-27] INFO  o.e.m.c.i.embedder.EclipseLogger - Using 'UTF-8' encoding to copy filtered resources.
2023-05-15 13:45:45,173 [Worker-27] INFO  o.e.m.c.i.embedder.EclipseLogger - skip non existing resourceDirectory C:\Users\lolo4\OneDrive\Documents\Papier_IMPORTANT\Formation_pole_emploi_JAVA\Cours\Projet\Final\projet_e-commerce\backend\src\test\resources
2023-05-15 14:34:59,092 [Worker-50] INFO  o.e.m.c.i.embedder.EclipseLogger - Using 'UTF-8' encoding to copy filtered resources.
2023-05-15 14:34:59,162 [Worker-50] INFO  o.e.m.c.i.embedder.EclipseLogger - Copying 1 resource
2023-05-15 14:34:59,179 [Worker-50] INFO  o.e.m.c.i.embedder.EclipseLogger - Copying 0 resource
2023-05-15 14:34:59,182 [Worker-50] INFO  o.e.m.c.i.embedder.EclipseLogger - Using 'UTF-8' encoding to copy filtered resources.
2023-05-15 14:34:59,183 [Worker-50] INFO  o.e.m.c.i.embedder.EclipseLogger - skip non existing resourceDirectory C:\Users\lolo4\OneDrive\Documents\Papier_IMPORTANT\Formation_pole_emploi_JAVA\Cours\Projet\Final\projet_e-commerce\backend\src\test\resources
2023-05-15 16:22:50,352 [Worker-68] INFO  o.e.m.c.i.embedder.EclipseLogger - Using 'UTF-8' encoding to copy filtered resources.
2023-05-15 16:22:50,501 [Worker-68] INFO  o.e.m.c.i.embedder.EclipseLogger - Copying 1 resource
2023-05-15 16:22:50,601 [Worker-68] INFO  o.e.m.c.i.embedder.EclipseLogger - Copying 0 resource
2023-05-15 16:22:50,706 [Worker-68] INFO  o.e.m.c.i.embedder.EclipseLogger - Using 'UTF-8' encoding to copy filtered resources.
2023-05-15 16:22:50,706 [Worker-68] INFO  o.e.m.c.i.embedder.EclipseLogger - skip non existing resourceDirectory C:\Users\lolo4\OneDrive\Documents\Papier_IMPORTANT\Formation_pole_emploi_JAVA\Cours\Projet\Final\projet_e-commerce\backend\src\test\resources
2023-05-15 16:24:26,605 [Worker-59] INFO  o.e.m.c.i.embedder.EclipseLogger - Using 'UTF-8' encoding to copy filtered resources.
2023-05-15 16:24:26,765 [Worker-59] INFO  o.e.m.c.i.embedder.EclipseLogger - Copying 1 resource
2023-05-15 16:24:26,773 [Worker-59] INFO  o.e.m.c.i.embedder.EclipseLogger - Copying 0 resource
2023-05-15 16:24:27,011 [Worker-59] INFO  o.e.m.c.i.embedder.EclipseLogger - Using 'UTF-8' encoding to copy filtered resources.
2023-05-15 16:24:27,012 [Worker-59] INFO  o.e.m.c.i.embedder.EclipseLogger - skip non existing resourceDirectory C:\Users\lolo4\OneDrive\Documents\Papier_IMPORTANT\Formation_pole_emploi_JAVA\Cours\Projet\Final\projet_e-commerce\backend\src\test\resources
2023-05-15 16:25:08,308 [Worker-74] INFO  o.e.m.c.i.embedder.EclipseLogger - Using 'UTF-8' encoding to copy filtered resources.
2023-05-15 16:25:08,309 [Worker-74] INFO  o.e.m.c.i.embedder.EclipseLogger - Copying 1 resource
2023-05-15 16:25:08,349 [Worker-74] INFO  o.e.m.c.i.embedder.EclipseLogger - Copying 0 resource
2023-05-15 16:25:08,373 [Worker-74] INFO  o.e.m.c.i.embedder.EclipseLogger - Using 'UTF-8' encoding to copy filtered resources.
2023-05-15 16:25:08,373 [Worker-74] INFO  o.e.m.c.i.embedder.EclipseLogger - skip non existing resourceDirectory C:\Users\lolo4\OneDrive\Documents\Papier_IMPORTANT\Formation_pole_emploi_JAVA\Cours\Projet\Final\projet_e-commerce\backend\src\test\resources
2023-05-15 16:25:13,716 [Worker-69] INFO  o.e.m.c.i.embedder.EclipseLogger - Using 'UTF-8' encoding to copy filtered resources.
2023-05-15 16:25:13,717 [Worker-69] INFO  o.e.m.c.i.embedder.EclipseLogger - Copying 1 resource
2023-05-15 16:25:13,720 [Worker-69] INFO  o.e.m.c.i.embedder.EclipseLogger - Copying 0 resource
2023-05-15 16:25:13,754 [Worker-69] INFO  o.e.m.c.i.embedder.EclipseLogger - Using 'UTF-8' encoding to copy filtered resources.
2023-05-15 16:25:13,754 [Worker-69] INFO  o.e.m.c.i.embedder.EclipseLogger - skip non existing resourceDirectory C:\Users\lolo4\OneDrive\Documents\Papier_IMPORTANT\Formation_pole_emploi_JAVA\Cours\Projet\Final\projet_e-commerce\backend\src\test\resources
2023-05-15 16:25:41,055 [Worker-73] INFO  o.e.m.c.i.embedder.EclipseLogger - Using 'UTF-8' encoding to copy filtered resources.
2023-05-15 16:25:41,059 [Worker-73] INFO  o.e.m.c.i.embedder.EclipseLogger - Copying 1 resource
2023-05-15 16:25:44,929 [Worker-73] INFO  o.e.m.c.i.embedder.EclipseLogger - Copying 0 resource
2023-05-15 16:25:45,085 [Worker-73] INFO  o.e.m.c.i.embedder.EclipseLogger - Using 'UTF-8' encoding to copy filtered resources.
2023-05-15 16:25:45,086 [Worker-73] INFO  o.e.m.c.i.embedder.EclipseLogger - skip non existing resourceDirectory C:\Users\lolo4\OneDrive\Documents\Papier_IMPORTANT\Formation_pole_emploi_JAVA\Cours\Projet\Final\projet_e-commerce\backend\src\test\resources
2023-05-15 16:26:14,628 [Worker-72] INFO  o.e.m.c.i.embedder.EclipseLogger - Using 'UTF-8' encoding to copy filtered resources.
2023-05-15 16:26:14,629 [Worker-72] INFO  o.e.m.c.i.embedder.EclipseLogger - Copying 1 resource
2023-05-15 16:26:14,632 [Worker-72] INFO  o.e.m.c.i.embedder.EclipseLogger - Copying 0 resource
2023-05-15 16:26:14,634 [Worker-72] INFO  o.e.m.c.i.embedder.EclipseLogger - Using 'UTF-8' encoding to copy filtered resources.
2023-05-15 16:26:14,635 [Worker-72] INFO  o.e.m.c.i.embedder.EclipseLogger - skip non existing resourceDirectory C:\Users\lolo4\OneDrive\Documents\Papier_IMPORTANT\Formation_pole_emploi_JAVA\Cours\Projet\Final\projet_e-commerce\backend\src\test\resources
2023-05-15 16:27:18,532 [Worker-75] INFO  o.e.m.c.i.embedder.EclipseLogger - Using 'UTF-8' encoding to copy filtered resources.
2023-05-15 16:27:18,533 [Worker-75] INFO  o.e.m.c.i.embedder.EclipseLogger - Copying 1 resource
2023-05-15 16:27:18,536 [Worker-75] INFO  o.e.m.c.i.embedder.EclipseLogger - Copying 0 resource
2023-05-15 16:27:18,539 [Worker-75] INFO  o.e.m.c.i.embedder.EclipseLogger - Using 'UTF-8' encoding to copy filtered resources.
2023-05-15 16:27:18,539 [Worker-75] INFO  o.e.m.c.i.embedder.EclipseLogger - skip non existing resourceDirectory C:\Users\lolo4\OneDrive\Documents\Papier_IMPORTANT\Formation_pole_emploi_JAVA\Cours\Projet\Final\projet_e-commerce\backend\src\test\resources
2023-05-15 16:29:47,998 [Worker-22] INFO  o.e.m.c.i.embedder.EclipseLogger - Using 'UTF-8' encoding to copy filtered resources.
2023-05-15 16:29:47,999 [Worker-22] INFO  o.e.m.c.i.embedder.EclipseLogger - Copying 1 resource
2023-05-15 16:29:48,002 [Worker-22] INFO  o.e.m.c.i.embedder.EclipseLogger - Copying 0 resource
2023-05-15 16:29:48,004 [Worker-22] INFO  o.e.m.c.i.embedder.EclipseLogger - Using 'UTF-8' encoding to copy filtered resources.
2023-05-15 16:29:48,004 [Worker-22] INFO  o.e.m.c.i.embedder.EclipseLogger - skip non existing resourceDirectory C:\Users\lolo4\OneDrive\Documents\Papier_IMPORTANT\Formation_pole_emploi_JAVA\Cours\Projet\Final\projet_e-commerce\backend\src\test\resources
2023-05-15 16:30:37,424 [Worker-75] INFO  o.e.m.c.i.embedder.EclipseLogger - Using 'UTF-8' encoding to copy filtered resources.
2023-05-15 16:30:37,425 [Worker-75] INFO  o.e.m.c.i.embedder.EclipseLogger - Copying 1 resource
2023-05-15 16:30:37,429 [Worker-75] INFO  o.e.m.c.i.embedder.EclipseLogger - Copying 0 resource
2023-05-15 16:30:37,433 [Worker-75] INFO  o.e.m.c.i.embedder.EclipseLogger - Using 'UTF-8' encoding to copy filtered resources.
2023-05-15 16:30:37,433 [Worker-75] INFO  o.e.m.c.i.embedder.EclipseLogger - skip non existing resourceDirectory C:\Users\lolo4\OneDrive\Documents\Papier_IMPORTANT\Formation_pole_emploi_JAVA\Cours\Projet\Final\projet_e-commerce\backend\src\test\resources
2023-05-15 16:32:25,087 [Worker-74] INFO  o.e.m.c.i.embedder.EclipseLogger - Using 'UTF-8' encoding to copy filtered resources.
2023-05-15 16:32:25,088 [Worker-74] INFO  o.e.m.c.i.embedder.EclipseLogger - Copying 1 resource
2023-05-15 16:32:25,090 [Worker-74] INFO  o.e.m.c.i.embedder.EclipseLogger - Copying 0 resource
2023-05-15 16:32:25,093 [Worker-74] INFO  o.e.m.c.i.embedder.EclipseLogger - Using 'UTF-8' encoding to copy filtered resources.
2023-05-15 16:32:25,093 [Worker-74] INFO  o.e.m.c.i.embedder.EclipseLogger - skip non existing resourceDirectory C:\Users\lolo4\OneDrive\Documents\Papier_IMPORTANT\Formation_pole_emploi_JAVA\Cours\Projet\Final\projet_e-commerce\backend\src\test\resources
2023-05-15 16:33:11,623 [Worker-76] INFO  o.e.m.c.i.embedder.EclipseLogger - Using 'UTF-8' encoding to copy filtered resources.
2023-05-15 16:33:11,624 [Worker-76] INFO  o.e.m.c.i.embedder.EclipseLogger - Copying 1 resource
2023-05-15 16:33:11,628 [Worker-76] INFO  o.e.m.c.i.embedder.EclipseLogger - Copying 0 resource
2023-05-15 16:33:11,635 [Worker-76] INFO  o.e.m.c.i.embedder.EclipseLogger - Using 'UTF-8' encoding to copy filtered resources.
2023-05-15 16:33:11,635 [Worker-76] INFO  o.e.m.c.i.embedder.EclipseLogger - skip non existing resourceDirectory C:\Users\lolo4\OneDrive\Documents\Papier_IMPORTANT\Formation_pole_emploi_JAVA\Cours\Projet\Final\projet_e-commerce\backend\src\test\resources
2023-05-15 16:33:21,992 [Worker-76] INFO  o.e.m.c.i.embedder.EclipseLogger - Using 'UTF-8' encoding to copy filtered resources.
2023-05-15 16:33:21,993 [Worker-76] INFO  o.e.m.c.i.embedder.EclipseLogger - Copying 1 resource
2023-05-15 16:33:21,995 [Worker-76] INFO  o.e.m.c.i.embedder.EclipseLogger - Copying 0 resource
2023-05-15 16:33:21,998 [Worker-76] INFO  o.e.m.c.i.embedder.EclipseLogger - Using 'UTF-8' encoding to copy filtered resources.
2023-05-15 16:33:21,998 [Worker-76] INFO  o.e.m.c.i.embedder.EclipseLogger - skip non existing resourceDirectory C:\Users\lolo4\OneDrive\Documents\Papier_IMPORTANT\Formation_pole_emploi_JAVA\Cours\Projet\Final\projet_e-commerce\backend\src\test\resources
2023-05-15 16:33:28,276 [Worker-68] INFO  o.e.m.c.i.embedder.EclipseLogger - Using 'UTF-8' encoding to copy filtered resources.
2023-05-15 16:33:28,277 [Worker-68] INFO  o.e.m.c.i.embedder.EclipseLogger - Copying 1 resource
2023-05-15 16:33:28,279 [Worker-68] INFO  o.e.m.c.i.embedder.EclipseLogger - Copying 0 resource
2023-05-15 16:33:28,280 [Worker-68] INFO  o.e.m.c.i.embedder.EclipseLogger - Using 'UTF-8' encoding to copy filtered resources.
2023-05-15 16:33:28,281 [Worker-68] INFO  o.e.m.c.i.embedder.EclipseLogger - skip non existing resourceDirectory C:\Users\lolo4\OneDrive\Documents\Papier_IMPORTANT\Formation_pole_emploi_JAVA\Cours\Projet\Final\projet_e-commerce\backend\src\test\resources
2023-05-15 16:33:39,387 [Worker-75] INFO  o.e.m.c.i.embedder.EclipseLogger - Using 'UTF-8' encoding to copy filtered resources.
2023-05-15 16:33:39,388 [Worker-75] INFO  o.e.m.c.i.embedder.EclipseLogger - Copying 1 resource
2023-05-15 16:33:39,398 [Worker-75] INFO  o.e.m.c.i.embedder.EclipseLogger - Copying 0 resource
2023-05-15 16:33:39,400 [Worker-75] INFO  o.e.m.c.i.embedder.EclipseLogger - Using 'UTF-8' encoding to copy filtered resources.
2023-05-15 16:33:39,400 [Worker-75] INFO  o.e.m.c.i.embedder.EclipseLogger - skip non existing resourceDirectory C:\Users\lolo4\OneDrive\Documents\Papier_IMPORTANT\Formation_pole_emploi_JAVA\Cours\Projet\Final\projet_e-commerce\backend\src\test\resources
2023-05-15 16:35:42,451 [Worker-68] INFO  o.e.m.c.i.embedder.EclipseLogger - Using 'UTF-8' encoding to copy filtered resources.
2023-05-15 16:35:42,452 [Worker-68] INFO  o.e.m.c.i.embedder.EclipseLogger - Copying 1 resource
2023-05-15 16:35:42,455 [Worker-68] INFO  o.e.m.c.i.embedder.EclipseLogger - Copying 0 resource
2023-05-15 16:35:42,457 [Worker-68] INFO  o.e.m.c.i.embedder.EclipseLogger - Using 'UTF-8' encoding to copy filtered resources.
2023-05-15 16:35:42,458 [Worker-68] INFO  o.e.m.c.i.embedder.EclipseLogger - skip non existing resourceDirectory C:\Users\lolo4\OneDrive\Documents\Papier_IMPORTANT\Formation_pole_emploi_JAVA\Cours\Projet\Final\projet_e-commerce\backend\src\test\resources
2023-05-15 16:35:56,277 [Worker-75] INFO  o.e.m.c.i.embedder.EclipseLogger - Using 'UTF-8' encoding to copy filtered resources.
2023-05-15 16:35:56,278 [Worker-75] INFO  o.e.m.c.i.embedder.EclipseLogger - Copying 1 resource
2023-05-15 16:35:56,280 [Worker-75] INFO  o.e.m.c.i.embedder.EclipseLogger - Copying 0 resource
2023-05-15 16:35:56,282 [Worker-75] INFO  o.e.m.c.i.embedder.EclipseLogger - Using 'UTF-8' encoding to copy filtered resources.
2023-05-15 16:35:56,283 [Worker-75] INFO  o.e.m.c.i.embedder.EclipseLogger - skip non existing resourceDirectory C:\Users\lolo4\OneDrive\Documents\Papier_IMPORTANT\Formation_pole_emploi_JAVA\Cours\Projet\Final\projet_e-commerce\backend\src\test\resources
2023-05-15 16:36:18,947 [Worker-79] INFO  o.e.m.c.i.embedder.EclipseLogger - Using 'UTF-8' encoding to copy filtered resources.
2023-05-15 16:36:18,948 [Worker-79] INFO  o.e.m.c.i.embedder.EclipseLogger - Copying 1 resource
2023-05-15 16:36:18,950 [Worker-79] INFO  o.e.m.c.i.embedder.EclipseLogger - Copying 0 resource
2023-05-15 16:36:18,952 [Worker-79] INFO  o.e.m.c.i.embedder.EclipseLogger - Using 'UTF-8' encoding to copy filtered resources.
2023-05-15 16:36:18,965 [Worker-79] INFO  o.e.m.c.i.embedder.EclipseLogger - skip non existing resourceDirectory C:\Users\lolo4\OneDrive\Documents\Papier_IMPORTANT\Formation_pole_emploi_JAVA\Cours\Projet\Final\projet_e-commerce\backend\src\test\resources
2023-05-15 16:36:38,832 [Worker-77] INFO  o.e.m.c.i.embedder.EclipseLogger - Using 'UTF-8' encoding to copy filtered resources.
2023-05-15 16:36:38,833 [Worker-77] INFO  o.e.m.c.i.embedder.EclipseLogger - Copying 1 resource
2023-05-15 16:36:38,835 [Worker-77] INFO  o.e.m.c.i.embedder.EclipseLogger - Copying 0 resource
2023-05-15 16:36:38,837 [Worker-77] INFO  o.e.m.c.i.embedder.EclipseLogger - Using 'UTF-8' encoding to copy filtered resources.
2023-05-15 16:36:38,838 [Worker-77] INFO  o.e.m.c.i.embedder.EclipseLogger - skip non existing resourceDirectory C:\Users\lolo4\OneDrive\Documents\Papier_IMPORTANT\Formation_pole_emploi_JAVA\Cours\Projet\Final\projet_e-commerce\backend\src\test\resources
2023-05-15 16:36:53,466 [Worker-68] INFO  o.e.m.c.i.embedder.EclipseLogger - Using 'UTF-8' encoding to copy filtered resources.
2023-05-15 16:36:53,467 [Worker-68] INFO  o.e.m.c.i.embedder.EclipseLogger - Copying 1 resource
2023-05-15 16:36:53,469 [Worker-68] INFO  o.e.m.c.i.embedder.EclipseLogger - Copying 0 resource
2023-05-15 16:36:53,482 [Worker-68] INFO  o.e.m.c.i.embedder.EclipseLogger - Using 'UTF-8' encoding to copy filtered resources.
2023-05-15 16:36:53,483 [Worker-68] INFO  o.e.m.c.i.embedder.EclipseLogger - skip non existing resourceDirectory C:\Users\lolo4\OneDrive\Documents\Papier_IMPORTANT\Formation_pole_emploi_JAVA\Cours\Projet\Final\projet_e-commerce\backend\src\test\resources
2023-05-15 16:37:14,666 [Worker-77] INFO  o.e.m.c.i.embedder.EclipseLogger - Using 'UTF-8' encoding to copy filtered resources.
2023-05-15 16:37:14,667 [Worker-77] INFO  o.e.m.c.i.embedder.EclipseLogger - Copying 1 resource
2023-05-15 16:37:14,669 [Worker-77] INFO  o.e.m.c.i.embedder.EclipseLogger - Copying 0 resource
2023-05-15 16:37:14,670 [Worker-77] INFO  o.e.m.c.i.embedder.EclipseLogger - Using 'UTF-8' encoding to copy filtered resources.
2023-05-15 16:37:14,670 [Worker-77] INFO  o.e.m.c.i.embedder.EclipseLogger - skip non existing resourceDirectory C:\Users\lolo4\OneDrive\Documents\Papier_IMPORTANT\Formation_pole_emploi_JAVA\Cours\Projet\Final\projet_e-commerce\backend\src\test\resources
2023-05-15 16:37:19,002 [Worker-79] INFO  o.e.m.c.i.embedder.EclipseLogger - Using 'UTF-8' encoding to copy filtered resources.
2023-05-15 16:37:19,003 [Worker-79] INFO  o.e.m.c.i.embedder.EclipseLogger - Copying 1 resource
2023-05-15 16:37:19,005 [Worker-79] INFO  o.e.m.c.i.embedder.EclipseLogger - Copying 0 resource
2023-05-15 16:37:19,007 [Worker-79] INFO  o.e.m.c.i.embedder.EclipseLogger - Using 'UTF-8' encoding to copy filtered resources.
2023-05-15 16:37:19,007 [Worker-79] INFO  o.e.m.c.i.embedder.EclipseLogger - skip non existing resourceDirectory C:\Users\lolo4\OneDrive\Documents\Papier_IMPORTANT\Formation_pole_emploi_JAVA\Cours\Projet\Final\projet_e-commerce\backend\src\test\resources
2023-05-15 16:39:13,438 [Worker-68] INFO  o.e.m.c.i.embedder.EclipseLogger - Using 'UTF-8' encoding to copy filtered resources.
2023-05-15 16:39:13,438 [Worker-68] INFO  o.e.m.c.i.embedder.EclipseLogger - Copying 1 resource
2023-05-15 16:39:13,441 [Worker-68] INFO  o.e.m.c.i.embedder.EclipseLogger - Copying 0 resource
2023-05-15 16:39:13,443 [Worker-68] INFO  o.e.m.c.i.embedder.EclipseLogger - Using 'UTF-8' encoding to copy filtered resources.
2023-05-15 16:39:13,443 [Worker-68] INFO  o.e.m.c.i.embedder.EclipseLogger - skip non existing resourceDirectory C:\Users\lolo4\OneDrive\Documents\Papier_IMPORTANT\Formation_pole_emploi_JAVA\Cours\Projet\Final\projet_e-commerce\backend\src\test\resources
